<?xml version="1.0" encoding="UTF-8"?>
<!-- Generated by org.testng.reporters.JUnitReportReporter -->
<testsuite hostname="Akshay-PC" failures="0" tests="2" name="org.fxb.experts_staging.testcases.Initiating_Browser_Experts_Staging" time="3.545" errors="0" timestamp="2023-04-27T12:07:55 IST" skipped="0">
  <testcase classname="org.fxb.experts_staging.testcases.Initiating_Browser_Experts_Staging" name="step_1_Confirm_Eligibility" time="0.346"/>
  <system-out/>
  <testcase classname="org.fxb.experts_staging.testcases.Initiating_Browser_Experts_Staging" name="step_2_Create_Your_Account" time="3.199"/>
  <system-out/>
</testsuite> <!-- org.fxb.experts_staging.testcases.Initiating_Browser_Experts_Staging -->
