<?xml version="1.0" encoding="UTF-8"?>
<!-- Generated by org.testng.reporters.JUnitReportReporter -->
<testsuite hostname="Akshay-PC" failures="0" tests="1" name="org.fxb.experts_staging.base.Rough" time="12.973" errors="0" timestamp="2023-05-04T12:39:12 IST" skipped="0">
  <testcase classname="org.fxb.experts_staging.base.Rough" name="alertPopup" time="12.973"/>
  <system-out/>
</testsuite> <!-- org.fxb.experts_staging.base.Rough -->
