<?xml version="1.0" encoding="UTF-8"?>
<!-- Generated by org.testng.reporters.JUnitReportReporter -->
<testsuite hostname="Akshay-PC" failures="0" tests="7" name="org.fxb.experts_staging.testcases.TC_For_Registration_Experts_Staging" time="0.379" errors="0" timestamp="2023-10-09T16:54:12 IST" skipped="6">
  <testcase classname="org.fxb.experts_staging.testcases.TC_For_Registration_Experts_Staging" name="step_1_Confirm_Eligibility" time="0.379"/>
  <system-out/>
  <testcase classname="org.fxb.experts_staging.testcases.TC_For_Registration_Experts_Staging" name="mobileNumberVerification" time="0.000">
    <skipped/>
  </testcase> <!-- mobileNumberVerification -->
  <system-out/>
  <testcase classname="org.fxb.experts_staging.testcases.TC_For_Registration_Experts_Staging" name="Step_4_Work_Experience">
    <skipped/>
  </testcase> <!-- Step_4_Work_Experience -->
  <system-out/>
  <testcase classname="org.fxb.experts_staging.testcases.TC_For_Registration_Experts_Staging" name="step_3_Basic_Data">
    <skipped/>
  </testcase> <!-- step_3_Basic_Data -->
  <system-out/>
  <testcase classname="org.fxb.experts_staging.testcases.TC_For_Registration_Experts_Staging" name="Step_5_Annual_Compensation">
    <skipped/>
  </testcase> <!-- Step_5_Annual_Compensation -->
  <system-out/>
  <testcase classname="org.fxb.experts_staging.testcases.TC_For_Registration_Experts_Staging" name="Step_5_Education">
    <skipped/>
  </testcase> <!-- Step_5_Education -->
  <system-out/>
  <testcase classname="org.fxb.experts_staging.testcases.TC_For_Registration_Experts_Staging" name="step_2_Create_Your_Account">
    <skipped/>
  </testcase> <!-- step_2_Create_Your_Account -->
  <system-out/>
</testsuite> <!-- org.fxb.experts_staging.testcases.TC_For_Registration_Experts_Staging -->
