<?xml version="1.0" encoding="UTF-8"?>
<!-- Generated by org.testng.reporters.JUnitReportReporter -->
<testsuite hostname="Akshay-PC" failures="0" tests="1" name="org.fxb.web.library.Excel_File_Reader" time="0.993" errors="0" timestamp="2023-10-06T12:29:15 IST" skipped="0">
  <testcase classname="org.fxb.web.library.Excel_File_Reader" name="read" time="0.993"/>
  <system-out/>
</testsuite> <!-- org.fxb.web.library.Excel_File_Reader -->
