<?xml version="1.0" encoding="UTF-8"?>
<!-- Generated by org.testng.reporters.JUnitReportReporter -->
<testsuite hostname="Akshay-PC" failures="0" tests="1" name="org.fxb.experts_staging.testcases.TC_For_CheckingBrokenLinks" time="0.000" errors="0" timestamp="2023-10-17T11:54:40 IST" skipped="1">
  <testcase classname="org.fxb.experts_staging.testcases.TC_For_CheckingBrokenLinks" name="demo" time="0.000">
    <skipped/>
  </testcase> <!-- demo -->
  <system-out/>
</testsuite> <!-- org.fxb.experts_staging.testcases.TC_For_CheckingBrokenLinks -->
