<?xml version="1.0" encoding="UTF-8"?>
<!-- Generated by org.testng.reporters.JUnitReportReporter -->
<testsuite hostname="Akshay-PC" failures="0" tests="1" name="org.fxbytes.web.testcases.TC_User_001_MyConnection" time="0.000" errors="0" timestamp="2023-10-17T11:54:40 IST" skipped="1">
  <testcase classname="org.fxbytes.web.testcases.TC_User_001_MyConnection" name="testingWithValidCCridentials" time="0.000">
    <skipped/>
  </testcase> <!-- testingWithValidCCridentials -->
  <system-out/>
</testsuite> <!-- org.fxbytes.web.testcases.TC_User_001_MyConnection -->
