<?xml version="1.0" encoding="UTF-8"?>
<!-- Generated by org.testng.reporters.JUnitReportReporter -->
<testsuite hostname="Akshay-PC" failures="0" tests="2" name="org.fxb.experts_staging.testcases.TC_For_Registration_Experts_Staging" time="0.912" errors="0" timestamp="2023-10-17T18:23:37 IST" skipped="1">
  <testcase classname="org.fxb.experts_staging.testcases.TC_For_Registration_Experts_Staging" name="step_1_Confirm_Eligibility" time="0.912"/>
  <system-out/>
  <testcase classname="org.fxb.experts_staging.testcases.TC_For_Registration_Experts_Staging" name="mobileNumberVerification">
    <skipped/>
  </testcase> <!-- mobileNumberVerification -->
  <system-out/>
</testsuite> <!-- org.fxb.experts_staging.testcases.TC_For_Registration_Experts_Staging -->
