<?xml version="1.0" encoding="UTF-8"?>
<!-- Generated by org.testng.reporters.JUnitReportReporter -->
<testsuite hostname="Akshay-PC" failures="0" tests="1" name="org.fxbytes.web.testcases.TC_Events_LegalOps_Page" time="150.204" errors="0" timestamp="2023-05-15T15:44:28 IST" skipped="0">
  <testcase classname="org.fxbytes.web.testcases.TC_Events_LegalOps_Page" name="eventPageTesting" time="150.204"/>
  <system-out/>
</testsuite> <!-- org.fxbytes.web.testcases.TC_Events_LegalOps_Page -->
