<?xml version="1.0" encoding="UTF-8"?>
<!-- Generated by org.testng.reporters.JUnitReportReporter -->
<testsuite hostname="Akshay-PC" failures="0" tests="1" name="org.fxbytes.web.base.InitiateBrowser" time="19.749" errors="0" timestamp="2023-03-23T11:48:17 IST" skipped="0">
  <testcase classname="org.fxbytes.web.base.InitiateBrowser" name="startBrowser" time="19.749"/>
  <system-out/>
</testsuite> <!-- org.fxbytes.web.base.InitiateBrowser -->
